<?xml version="1.0" encoding="UTF-8"?>
<testng-results ignored="0" total="1" passed="1" failed="0" skipped="0">
  <reporter-output>
  </reporter-output>
  <suite started-at="2020-12-30T23:07:36 IST" name="Suite" finished-at="2020-12-30T23:07:52 IST" duration-ms="15523">
    <groups>
    </groups>
    <test started-at="2020-12-30T23:07:36 IST" name="Default test" finished-at="2020-12-30T23:07:52 IST" duration-ms="15523">
      <class name="Test1">
        <test-method signature="asetUp1()[pri:0, instance:Test1@3ddf0a55]" started-at="2020-12-30T23:07:36 IST" name="asetUp1" finished-at="2020-12-30T23:07:52 IST" duration-ms="15419" status="PASS">
          <reporter-output>
          </reporter-output>
        </test-method> <!-- asetUp1 -->
      </class> <!-- Test1 -->
    </test> <!-- Default test -->
  </suite> <!-- Suite -->
</testng-results>
